# JRE version: Java(TM) SE Runtime Environment (8.0_45-b15) (build 1.8.0_45-b15)
# Java VM: Java HotSpot(TM) 64-Bit Server VM (25.45-b02 mixed mode windows-amd64 compressed oops)
Heap:
 PSYoungGen      total 49664K, used 17923K [0x00000000f5580000, 0x00000000f9300000, 0x0000000100000000)
  eden space 45568K, 30% used [0x00000000f5580000,0x00000000f632be20,0x00000000f8200000)
  from space 4096K, 95% used [0x00000000f8300000,0x00000000f86d5078,0x00000000f8700000)
  to   space 8704K, 0% used [0x00000000f8a80000,0x00000000f8a80000,0x00000000f9300000)
 ParOldGen       total 73728K, used 56882K [0x00000000e0000000, 0x00000000e4800000, 0x00000000f5580000)
  object space 73728K, 77% used [0x00000000e0000000,0x00000000e378c840,0x00000000e4800000)
 Metaspace       used 92348K, capacity 99428K, committed 99712K, reserved 1136640K
  class space    used 10838K, capacity 13060K, committed 13184K, reserved 1048576K
GC Heap History (10 events):
Event: 5741.644 GC heap before
{Heap before GC invocations=165 (full 36):
 PSYoungGen      total 55296K, used 53516K [0x00000000f5580000, 0x00000000f9400000, 0x0000000100000000)
  eden space 48128K, 100% used [0x00000000f5580000,0x00000000f8480000,0x00000000f8480000)
  from space 7168K, 75% used [0x00000000f8c00000,0x00000000f91433b0,0x00000000f9300000)
  to   space 7680K, 0% used [0x00000000f8480000,0x00000000f8480000,0x00000000f8c00000)
 ParOldGen       total 73728K, used 56666K [0x00000000e0000000, 0x00000000e4800000, 0x00000000f5580000)
  object space 73728K, 76% used [0x00000000e0000000,0x00000000e3756840,0x00000000e4800000)
 Metaspace       used 91505K, capacity 98510K, committed 98816K, reserved 1134592K
  class space    used 10759K, capacity 12993K, committed 13056K, reserved 1048576K
Event: 5741.650 GC heap after
Heap after GC invocations=165 (full 36):
 PSYoungGen      total 55808K, used 5728K [0x00000000f5580000, 0x00000000f9600000, 0x0000000100000000)
  eden space 48128K, 0% used [0x00000000f5580000,0x00000000f5580000,0x00000000f8480000)
  from space 7680K, 74% used [0x00000000f8480000,0x00000000f8a181d0,0x00000000f8c00000)
  to   space 8192K, 0% used [0x00000000f8e00000,0x00000000f8e00000,0x00000000f9600000)
 ParOldGen       total 73728K, used 56666K [0x00000000e0000000, 0x00000000e4800000, 0x00000000f5580000)
  object space 73728K, 76% used [0x00000000e0000000,0x00000000e3756840,0x00000000e4800000)
 Metaspace       used 91505K, capacity 98510K, committed 98816K, reserved 1134592K
  class space    used 10759K, capacity 12993K, committed 13056K, reserved 1048576K
}
Event: 5755.532 GC heap before
{Heap before GC invocations=166 (full 36):
 PSYoungGen      total 55808K, used 53856K [0x00000000f5580000, 0x00000000f9600000, 0x0000000100000000)
  eden space 48128K, 100% used [0x00000000f5580000,0x00000000f8480000,0x00000000f8480000)
  from space 7680K, 74% used [0x00000000f8480000,0x00000000f8a181d0,0x00000000f8c00000)
  to   space 8192K, 0% used [0x00000000f8e00000,0x00000000f8e00000,0x00000000f9600000)
 ParOldGen       total 73728K, used 56666K [0x00000000e0000000, 0x00000000e4800000, 0x00000000f5580000)
  object space 73728K, 76% used [0x00000000e0000000,0x00000000e3756840,0x00000000e4800000)
 Metaspace       used 91518K, capacity 98510K, committed 98816K, reserved 1134592K
  class space    used 10759K, capacity 12993K, committed 13056K, reserved 1048576K
Event: 5755.565 GC heap after
Heap after GC invocations=166 (full 36):
 PSYoungGen      total 57344K, used 6182K [0x00000000f5580000, 0x00000000f9700000, 0x0000000100000000)
  eden space 49152K, 0% used [0x00000000f5580000,0x00000000f5580000,0x00000000f8580000)
  from space 8192K, 75% used [0x00000000f8e00000,0x00000000f9409b00,0x00000000f9600000)
  to   space 8704K, 0% used [0x00000000f8580000,0x00000000f8580000,0x00000000f8e00000)
 ParOldGen       total 73728K, used 56666K [0x00000000e0000000, 0x00000000e4800000, 0x00000000f5580000)
  object space 73728K, 76% used [0x00000000e0000000,0x00000000e3756840,0x00000000e4800000)
 Metaspace       used 91518K, capacity 98510K, committed 98816K, reserved 1134592K
  class space    used 10759K, capacity 12993K, committed 13056K, reserved 1048576K
}
Event: 5773.939 GC heap before
{Heap before GC invocations=167 (full 36):
 PSYoungGen      total 57344K, used 55334K [0x00000000f5580000, 0x00000000f9700000, 0x0000000100000000)
  eden space 49152K, 100% used [0x00000000f5580000,0x00000000f8580000,0x00000000f8580000)
  from space 8192K, 75% used [0x00000000f8e00000,0x00000000f9409b00,0x00000000f9600000)
  to   space 8704K, 0% used [0x00000000f8580000,0x00000000f8580000,0x00000000f8e00000)
 ParOldGen       total 73728K, used 56666K [0x00000000e0000000, 0x00000000e4800000, 0x00000000f5580000)
  object space 73728K, 76% used [0x00000000e0000000,0x00000000e3756840,0x00000000e4800000)
 Metaspace       used 91577K, capacity 98574K, committed 98816K, reserved 1134592K
  class space    used 10760K, capacity 12993K, committed 13056K, reserved 1048576K
Event: 5773.946 GC heap after
Heap after GC invocations=167 (full 36):
 PSYoungGen      total 53760K, used 6092K [0x00000000f5580000, 0x00000000f9600000, 0x0000000100000000)
  eden space 47616K, 0% used [0x00000000f5580000,0x00000000f5580000,0x00000000f8400000)
  from space 6144K, 99% used [0x00000000f8580000,0x00000000f8b73288,0x00000000f8b80000)
  to   space 9216K, 0% used [0x00000000f8d00000,0x00000000f8d00000,0x00000000f9600000)
 ParOldGen       total 73728K, used 56666K [0x00000000e0000000, 0x00000000e4800000, 0x00000000f5580000)
  object space 73728K, 76% used [0x00000000e0000000,0x00000000e3756840,0x00000000e4800000)
 Metaspace       used 91577K, capacity 98574K, committed 98816K, reserved 1134592K
  class space    used 10760K, capacity 12993K, committed 13056K, reserved 1048576K
}
Event: 5790.565 GC heap before
{Heap before GC invocations=168 (full 36):
 PSYoungGen      total 53760K, used 53708K [0x00000000f5580000, 0x00000000f9600000, 0x0000000100000000)
  eden space 47616K, 100% used [0x00000000f5580000,0x00000000f8400000,0x00000000f8400000)
  from space 6144K, 99% used [0x00000000f8580000,0x00000000f8b73288,0x00000000f8b80000)
  to   space 9216K, 0% used [0x00000000f8d00000,0x00000000f8d00000,0x00000000f9600000)
 ParOldGen       total 73728K, used 56666K [0x00000000e0000000, 0x00000000e4800000, 0x00000000f5580000)
  object space 73728K, 76% used [0x00000000e0000000,0x00000000e3756840,0x00000000e4800000)
 Metaspace       used 91612K, capacity 98638K, committed 98816K, reserved 1134592K
  class space    used 10760K, capacity 12993K, committed 13056K, reserved 1048576K
Event: 5790.572 GC heap after
Heap after GC invocations=168 (full 36):
 PSYoungGen      total 54784K, used 6067K [0x00000000f5580000, 0x00000000f9500000, 0x0000000100000000)
  eden space 46592K, 0% used [0x00000000f5580000,0x00000000f5580000,0x00000000f8300000)
  from space 8192K, 74% used [0x00000000f8d00000,0x00000000f92eccd0,0x00000000f9500000)
  to   space 9216K, 0% used [0x00000000f8300000,0x00000000f8300000,0x00000000f8c00000)
 ParOldGen       total 73728K, used 56730K [0x00000000e0000000, 0x00000000e4800000, 0x00000000f5580000)
  object space 73728K, 76% used [0x00000000e0000000,0x00000000e3766840,0x00000000e4800000)
 Metaspace       used 91612K, capacity 98638K, committed 98816K, reserved 1134592K
  class space    used 10760K, capacity 12993K, committed 13056K, reserved 1048576K
}
Event: 5808.096 GC heap before
{Heap before GC invocations=169 (full 36):
 PSYoungGen      total 54784K, used 52659K [0x00000000f5580000, 0x00000000f9500000, 0x0000000100000000)
  eden space 46592K, 100% used [0x00000000f5580000,0x00000000f8300000,0x00000000f8300000)
  from space 8192K, 74% used [0x00000000f8d00000,0x00000000f92eccd0,0x00000000f9500000)
  to   space 9216K, 0% used [0x00000000f8300000,0x00000000f8300000,0x00000000f8c00000)
 ParOldGen       total 73728K, used 56730K [0x00000000e0000000, 0x00000000e4800000, 0x00000000f5580000)
  object space 73728K, 76% used [0x00000000e0000000,0x00000000e3766840,0x00000000e4800000)
 Metaspace       used 91863K, capacity 98970K, committed 99200K, reserved 1134592K
  class space    used 10784K, capacity 13059K, committed 13184K, reserved 1048576K
Event: 5808.106 GC heap after
Heap after GC invocations=169 (full 36):
 PSYoungGen      total 49664K, used 3924K [0x00000000f5580000, 0x00000000f9300000, 0x0000000100000000)
  eden space 45568K, 0% used [0x00000000f5580000,0x00000000f5580000,0x00000000f8200000)
  from space 4096K, 95% used [0x00000000f8300000,0x00000000f86d5078,0x00000000f8700000)
  to   space 8704K, 0% used [0x00000000f8a80000,0x00000000f8a80000,0x00000000f9300000)
 ParOldGen       total 73728K, used 56882K [0x00000000e0000000, 0x00000000e4800000, 0x00000000f5580000)
  object space 73728K, 77% used [0x00000000e0000000,0x00000000e378c840,0x00000000e4800000)
 Metaspace       used 91863K, capacity 98970K, committed 99200K, reserved 1134592K
  class space    used 10784K, capacity 13059K, committed 13184K, reserved 1048576K
}

