# JRE version: Java(TM) SE Runtime Environment (8.0_45-b15) (build 1.8.0_45-b15)
# Java VM: Java HotSpot(TM) 64-Bit Server VM (25.45-b02 mixed mode windows-amd64 compressed oops)
Heap:
 PSYoungGen      total 56320K, used 42761K [0x00000007bc400000, 0x00000007c0000000, 0x00000007c0000000)
  eden space 51200K, 76% used [0x00000007bc400000,0x00000007bea2a700,0x00000007bf600000)
  from space 5120K, 71% used [0x00000007bf600000,0x00000007bf998000,0x00000007bfb00000)
  to   space 4608K, 0% used [0x00000007bfb80000,0x00000007bfb80000,0x00000007c0000000)
 ParOldGen       total 578048K, used 448116K [0x0000000700000000, 0x0000000723480000, 0x00000007bc400000)
  object space 578048K, 77% used [0x0000000700000000,0x000000071b59d320,0x0000000723480000)
 Metaspace       used 92706K, capacity 93189K, committed 93824K, reserved 1128448K
  class space    used 14260K, capacity 14378K, committed 14464K, reserved 1048576K
GC Heap History (10 events):
Event: 2092548.467 GC heap before
{Heap before GC invocations=8520 (full 1206):
 PSYoungGen      total 56832K, used 55968K [0x00000007bc400000, 0x00000007c0000000, 0x00000007c0000000)
  eden space 52224K, 100% used [0x00000007bc400000,0x00000007bf700000,0x00000007bf700000)
  from space 4608K, 81% used [0x00000007bf700000,0x00000007bfaa8000,0x00000007bfb80000)
  to   space 4608K, 0% used [0x00000007bfb80000,0x00000007bfb80000,0x00000007c0000000)
 ParOldGen       total 578048K, used 448200K [0x0000000700000000, 0x0000000723480000, 0x00000007bc400000)
  object space 578048K, 77% used [0x0000000700000000,0x000000071b5b23d8,0x0000000723480000)
 Metaspace       used 92706K, capacity 93189K, committed 93824K, reserved 1128448K
  class space    used 14260K, capacity 14378K, committed 14464K, reserved 1048576K
Event: 2092548.484 GC heap after
Heap after GC invocations=8520 (full 1206):
 PSYoungGen      total 56832K, used 3776K [0x00000007bc400000, 0x00000007c0000000, 0x00000007c0000000)
  eden space 52224K, 0% used [0x00000007bc400000,0x00000007bc400000,0x00000007bf700000)
  from space 4608K, 81% used [0x00000007bfb80000,0x00000007bff30000,0x00000007c0000000)
  to   space 4608K, 0% used [0x00000007bf700000,0x00000007bf700000,0x00000007bfb80000)
 ParOldGen       total 578048K, used 448200K [0x0000000700000000, 0x0000000723480000, 0x00000007bc400000)
  object space 578048K, 77% used [0x0000000700000000,0x000000071b5b23d8,0x0000000723480000)
 Metaspace       used 92706K, capacity 93189K, committed 93824K, reserved 1128448K
  class space    used 14260K, capacity 14378K, committed 14464K, reserved 1048576K
}
Event: 2092936.310 GC heap before
{Heap before GC invocations=8521 (full 1206):
 PSYoungGen      total 56832K, used 56000K [0x00000007bc400000, 0x00000007c0000000, 0x00000007c0000000)
  eden space 52224K, 100% used [0x00000007bc400000,0x00000007bf700000,0x00000007bf700000)
  from space 4608K, 81% used [0x00000007bfb80000,0x00000007bff30000,0x00000007c0000000)
  to   space 4608K, 0% used [0x00000007bf700000,0x00000007bf700000,0x00000007bfb80000)
 ParOldGen       total 578048K, used 448200K [0x0000000700000000, 0x0000000723480000, 0x00000007bc400000)
  object space 578048K, 77% used [0x0000000700000000,0x000000071b5b23d8,0x0000000723480000)
 Metaspace       used 92706K, capacity 93189K, committed 93824K, reserved 1128448K
  class space    used 14260K, capacity 14378K, committed 14464K, reserved 1048576K
Event: 2092936.334 GC heap after
Heap after GC invocations=8521 (full 1206):
 PSYoungGen      total 56832K, used 3808K [0x00000007bc400000, 0x00000007c0000000, 0x00000007c0000000)
  eden space 52224K, 0% used [0x00000007bc400000,0x00000007bc400000,0x00000007bf700000)
  from space 4608K, 82% used [0x00000007bf700000,0x00000007bfab8000,0x00000007bfb80000)
  to   space 4608K, 0% used [0x00000007bfb80000,0x00000007bfb80000,0x00000007c0000000)
 ParOldGen       total 578048K, used 448200K [0x0000000700000000, 0x0000000723480000, 0x00000007bc400000)
  object space 578048K, 77% used [0x0000000700000000,0x000000071b5b23d8,0x0000000723480000)
 Metaspace       used 92706K, capacity 93189K, committed 93824K, reserved 1128448K
  class space    used 14260K, capacity 14378K, committed 14464K, reserved 1048576K
}
Event: 2093186.503 GC heap before
{Heap before GC invocations=8522 (full 1206):
 PSYoungGen      total 56832K, used 38087K [0x00000007bc400000, 0x00000007c0000000, 0x00000007c0000000)
  eden space 52224K, 65% used [0x00000007bc400000,0x00000007be579db0,0x00000007bf700000)
  from space 4608K, 82% used [0x00000007bf700000,0x00000007bfab8000,0x00000007bfb80000)
  to   space 4608K, 0% used [0x00000007bfb80000,0x00000007bfb80000,0x00000007c0000000)
 ParOldGen       total 578048K, used 448200K [0x0000000700000000, 0x0000000723480000, 0x00000007bc400000)
  object space 578048K, 77% used [0x0000000700000000,0x000000071b5b23d8,0x0000000723480000)
 Metaspace       used 92706K, capacity 93189K, committed 93824K, reserved 1128448K
  class space    used 14260K, capacity 14378K, committed 14464K, reserved 1048576K
Event: 2093186.518 GC heap after
Heap after GC invocations=8522 (full 1206):
 PSYoungGen      total 55808K, used 2528K [0x00000007bc400000, 0x00000007c0000000, 0x00000007c0000000)
  eden space 51200K, 0% used [0x00000007bc400000,0x00000007bc400000,0x00000007bf600000)
  from space 4608K, 54% used [0x00000007bfb80000,0x00000007bfdf8000,0x00000007c0000000)
  to   space 5120K, 0% used [0x00000007bf600000,0x00000007bf600000,0x00000007bfb00000)
 ParOldGen       total 578048K, used 448200K [0x0000000700000000, 0x0000000723480000, 0x00000007bc400000)
  object space 578048K, 77% used [0x0000000700000000,0x000000071b5b23d8,0x0000000723480000)
 Metaspace       used 92706K, capacity 93189K, committed 93824K, reserved 1128448K
  class space    used 14260K, capacity 14378K, committed 14464K, reserved 1048576K
}
Event: 2093186.518 GC heap before
{Heap before GC invocations=8523 (full 1207):
 PSYoungGen      total 55808K, used 2528K [0x00000007bc400000, 0x00000007c0000000, 0x00000007c0000000)
  eden space 51200K, 0% used [0x00000007bc400000,0x00000007bc400000,0x00000007bf600000)
  from space 4608K, 54% used [0x00000007bfb80000,0x00000007bfdf8000,0x00000007c0000000)
  to   space 5120K, 0% used [0x00000007bf600000,0x00000007bf600000,0x00000007bfb00000)
 ParOldGen       total 578048K, used 448200K [0x0000000700000000, 0x0000000723480000, 0x00000007bc400000)
  object space 578048K, 77% used [0x0000000700000000,0x000000071b5b23d8,0x0000000723480000)
 Metaspace       used 92706K, capacity 93189K, committed 93824K, reserved 1128448K
  class space    used 14260K, capacity 14378K, committed 14464K, reserved 1048576K
Event: 2093186.843 GC heap after
Heap after GC invocations=8523 (full 1207):
 PSYoungGen      total 55808K, used 0K [0x00000007bc400000, 0x00000007c0000000, 0x00000007c0000000)
  eden space 51200K, 0% used [0x00000007bc400000,0x00000007bc400000,0x00000007bf600000)
  from space 4608K, 0% used [0x00000007bfb80000,0x00000007bfb80000,0x00000007c0000000)
  to   space 5120K, 0% used [0x00000007bf600000,0x00000007bf600000,0x00000007bfb00000)
 ParOldGen       total 578048K, used 448116K [0x0000000700000000, 0x0000000723480000, 0x00000007bc400000)
  object space 578048K, 77% used [0x0000000700000000,0x000000071b59d320,0x0000000723480000)
 Metaspace       used 92706K, capacity 93189K, committed 93824K, reserved 1128448K
  class space    used 14260K, capacity 14378K, committed 14464K, reserved 1048576K
}
Event: 2093565.388 GC heap before
{Heap before GC invocations=8524 (full 1207):
 PSYoungGen      total 55808K, used 51200K [0x00000007bc400000, 0x00000007c0000000, 0x00000007c0000000)
  eden space 51200K, 100% used [0x00000007bc400000,0x00000007bf600000,0x00000007bf600000)
  from space 4608K, 0% used [0x00000007bfb80000,0x00000007bfb80000,0x00000007c0000000)
  to   space 5120K, 0% used [0x00000007bf600000,0x00000007bf600000,0x00000007bfb00000)
 ParOldGen       total 578048K, used 448116K [0x0000000700000000, 0x0000000723480000, 0x00000007bc400000)
  object space 578048K, 77% used [0x0000000700000000,0x000000071b59d320,0x0000000723480000)
 Metaspace       used 92706K, capacity 93189K, committed 93824K, reserved 1128448K
  class space    used 14260K, capacity 14378K, committed 14464K, reserved 1048576K
Event: 2093565.409 GC heap after
Heap after GC invocations=8524 (full 1207):
 PSYoungGen      total 56320K, used 3680K [0x00000007bc400000, 0x00000007c0000000, 0x00000007c0000000)
  eden space 51200K, 0% used [0x00000007bc400000,0x00000007bc400000,0x00000007bf600000)
  from space 5120K, 71% used [0x00000007bf600000,0x00000007bf998000,0x00000007bfb00000)
  to   space 4608K, 0% used [0x00000007bfb80000,0x00000007bfb80000,0x00000007c0000000)
 ParOldGen       total 578048K, used 448116K [0x0000000700000000, 0x0000000723480000, 0x00000007bc400000)
  object space 578048K, 77% used [0x0000000700000000,0x000000071b59d320,0x0000000723480000)
 Metaspace       used 92706K, capacity 93189K, committed 93824K, reserved 1128448K
  class space    used 14260K, capacity 14378K, committed 14464K, reserved 1048576K
}

