# JRE version: Java(TM) SE Runtime Environment (8.0_45-b15) (build 1.8.0_45-b15)
# Java VM: Java HotSpot(TM) 64-Bit Server VM (25.45-b02 mixed mode windows-amd64 compressed oops)
Heap:
 PSYoungGen      total 144896K, used 11352K [0x00000000f5580000, 0x00000000ffe80000, 0x0000000100000000)
  eden space 117760K, 6% used [0x00000000f5580000,0x00000000f5c91c48,0x00000000fc880000)
  from space 27136K, 15% used [0x00000000fe400000,0x00000000fe804638,0x00000000ffe80000)
  to   space 27648K, 0% used [0x00000000fc880000,0x00000000fc880000,0x00000000fe380000)
 ParOldGen       total 96256K, used 57591K [0x00000000e0000000, 0x00000000e5e00000, 0x00000000f5580000)
  object space 96256K, 59% used [0x00000000e0000000,0x00000000e383dd10,0x00000000e5e00000)
 Metaspace       used 80461K, capacity 87130K, committed 87296K, reserved 1124352K
  class space    used 9915K, capacity 12031K, committed 12032K, reserved 1048576K
GC Heap History (10 events):
Event: 123.071 GC heap before
{Heap before GC invocations=18 (full 5):
 PSYoungGen      total 139264K, used 3688K [0x00000000f5580000, 0x00000000ffd00000, 0x0000000100000000)
  eden space 110080K, 0% used [0x00000000f5580000,0x00000000f5580000,0x00000000fc100000)
  from space 29184K, 12% used [0x00000000fc100000,0x00000000fc49a278,0x00000000fdd80000)
  to   space 29184K, 0% used [0x00000000fe080000,0x00000000fe080000,0x00000000ffd00000)
 ParOldGen       total 96256K, used 53517K [0x00000000e0000000, 0x00000000e5e00000, 0x00000000f5580000)
  object space 96256K, 55% used [0x00000000e0000000,0x00000000e34436a0,0x00000000e5e00000)
 Metaspace       used 75136K, capacity 81754K, committed 82048K, reserved 1120256K
  class space    used 9362K, capacity 11295K, committed 11392K, reserved 1048576K
Event: 123.407 GC heap after
Heap after GC invocations=18 (full 5):
 PSYoungGen      total 139264K, used 0K [0x00000000f5580000, 0x00000000ffd00000, 0x0000000100000000)
  eden space 110080K, 0% used [0x00000000f5580000,0x00000000f5580000,0x00000000fc100000)
  from space 29184K, 0% used [0x00000000fc100000,0x00000000fc100000,0x00000000fdd80000)
  to   space 29184K, 0% used [0x00000000fe080000,0x00000000fe080000,0x00000000ffd00000)
 ParOldGen       total 96256K, used 54813K [0x00000000e0000000, 0x00000000e5e00000, 0x00000000f5580000)
  object space 96256K, 56% used [0x00000000e0000000,0x00000000e35874e8,0x00000000e5e00000)
 Metaspace       used 75136K, capacity 81754K, committed 82048K, reserved 1120256K
  class space    used 9362K, capacity 11295K, committed 11392K, reserved 1048576K
}
Event: 304.724 GC heap before
{Heap before GC invocations=19 (full 5):
 PSYoungGen      total 139264K, used 85041K [0x00000000f5580000, 0x00000000ffd00000, 0x0000000100000000)
  eden space 110080K, 77% used [0x00000000f5580000,0x00000000fa88c6a8,0x00000000fc100000)
  from space 29184K, 0% used [0x00000000fc100000,0x00000000fc100000,0x00000000fdd80000)
  to   space 29184K, 0% used [0x00000000fe080000,0x00000000fe080000,0x00000000ffd00000)
 ParOldGen       total 96256K, used 54813K [0x00000000e0000000, 0x00000000e5e00000, 0x00000000f5580000)
  object space 96256K, 56% used [0x00000000e0000000,0x00000000e35874e8,0x00000000e5e00000)
 Metaspace       used 78721K, capacity 85460K, committed 85632K, reserved 1122304K
  class space    used 9780K, capacity 11866K, committed 11904K, reserved 1048576K
Event: 304.732 GC heap after
Heap after GC invocations=19 (full 5):
 PSYoungGen      total 141312K, used 5733K [0x00000000f5580000, 0x00000000ffc00000, 0x0000000100000000)
  eden space 113152K, 0% used [0x00000000f5580000,0x00000000f5580000,0x00000000fc400000)
  from space 28160K, 20% used [0x00000000fe080000,0x00000000fe619770,0x00000000ffc00000)
  to   space 28672K, 0% used [0x00000000fc400000,0x00000000fc400000,0x00000000fe000000)
 ParOldGen       total 96256K, used 54821K [0x00000000e0000000, 0x00000000e5e00000, 0x00000000f5580000)
  object space 96256K, 56% used [0x00000000e0000000,0x00000000e35894e8,0x00000000e5e00000)
 Metaspace       used 78721K, capacity 85460K, committed 85632K, reserved 1122304K
  class space    used 9780K, capacity 11866K, committed 11904K, reserved 1048576K
}
Event: 304.732 GC heap before
{Heap before GC invocations=20 (full 6):
 PSYoungGen      total 141312K, used 5733K [0x00000000f5580000, 0x00000000ffc00000, 0x0000000100000000)
  eden space 113152K, 0% used [0x00000000f5580000,0x00000000f5580000,0x00000000fc400000)
  from space 28160K, 20% used [0x00000000fe080000,0x00000000fe619770,0x00000000ffc00000)
  to   space 28672K, 0% used [0x00000000fc400000,0x00000000fc400000,0x00000000fe000000)
 ParOldGen       total 96256K, used 54821K [0x00000000e0000000, 0x00000000e5e00000, 0x00000000f5580000)
  object space 96256K, 56% used [0x00000000e0000000,0x00000000e35894e8,0x00000000e5e00000)
 Metaspace       used 78721K, capacity 85460K, committed 85632K, reserved 1122304K
  class space    used 9780K, capacity 11866K, committed 11904K, reserved 1048576K
Event: 305.160 GC heap after
Heap after GC invocations=20 (full 6):
 PSYoungGen      total 141312K, used 0K [0x00000000f5580000, 0x00000000ffc00000, 0x0000000100000000)
  eden space 113152K, 0% used [0x00000000f5580000,0x00000000f5580000,0x00000000fc400000)
  from space 28160K, 0% used [0x00000000fe080000,0x00000000fe080000,0x00000000ffc00000)
  to   space 28672K, 0% used [0x00000000fc400000,0x00000000fc400000,0x00000000fe000000)
 ParOldGen       total 96256K, used 57583K [0x00000000e0000000, 0x00000000e5e00000, 0x00000000f5580000)
  object space 96256K, 59% used [0x00000000e0000000,0x00000000e383bd10,0x00000000e5e00000)
 Metaspace       used 78721K, capacity 85460K, committed 85632K, reserved 1122304K
  class space    used 9780K, capacity 11866K, committed 11904K, reserved 1048576K
}
Event: 941.551 GC heap before
{Heap before GC invocations=21 (full 6):
 PSYoungGen      total 141312K, used 113152K [0x00000000f5580000, 0x00000000ffc00000, 0x0000000100000000)
  eden space 113152K, 100% used [0x00000000f5580000,0x00000000fc400000,0x00000000fc400000)
  from space 28160K, 0% used [0x00000000fe080000,0x00000000fe080000,0x00000000ffc00000)
  to   space 28672K, 0% used [0x00000000fc400000,0x00000000fc400000,0x00000000fe000000)
 ParOldGen       total 96256K, used 57583K [0x00000000e0000000, 0x00000000e5e00000, 0x00000000f5580000)
  object space 96256K, 59% used [0x00000000e0000000,0x00000000e383bd10,0x00000000e5e00000)
 Metaspace       used 79526K, capacity 86352K, committed 86656K, reserved 1124352K
  class space    used 9822K, capacity 11902K, committed 11904K, reserved 1048576K
Event: 941.560 GC heap after
Heap after GC invocations=21 (full 6):
 PSYoungGen      total 141824K, used 3175K [0x00000000f5580000, 0x00000000fff80000, 0x0000000100000000)
  eden space 113152K, 0% used [0x00000000f5580000,0x00000000f5580000,0x00000000fc400000)
  from space 28672K, 11% used [0x00000000fc400000,0x00000000fc719c00,0x00000000fe000000)
  to   space 28160K, 0% used [0x00000000fe400000,0x00000000fe400000,0x00000000fff80000)
 ParOldGen       total 96256K, used 57583K [0x00000000e0000000, 0x00000000e5e00000, 0x00000000f5580000)
  object space 96256K, 59% used [0x00000000e0000000,0x00000000e383bd10,0x00000000e5e00000)
 Metaspace       used 79526K, capacity 86352K, committed 86656K, reserved 1124352K
  class space    used 9822K, capacity 11902K, committed 11904K, reserved 1048576K
}
Event: 2585.570 GC heap before
{Heap before GC invocations=22 (full 6):
 PSYoungGen      total 141824K, used 116327K [0x00000000f5580000, 0x00000000fff80000, 0x0000000100000000)
  eden space 113152K, 100% used [0x00000000f5580000,0x00000000fc400000,0x00000000fc400000)
  from space 28672K, 11% used [0x00000000fc400000,0x00000000fc719c00,0x00000000fe000000)
  to   space 28160K, 0% used [0x00000000fe400000,0x00000000fe400000,0x00000000fff80000)
 ParOldGen       total 96256K, used 57583K [0x00000000e0000000, 0x00000000e5e00000, 0x00000000f5580000)
  object space 96256K, 59% used [0x00000000e0000000,0x00000000e383bd10,0x00000000e5e00000)
 Metaspace       used 80139K, capacity 86836K, committed 87040K, reserved 1124352K
  class space    used 9881K, capacity 11998K, committed 12032K, reserved 1048576K
Event: 2585.577 GC heap after
Heap after GC invocations=22 (full 6):
 PSYoungGen      total 144896K, used 4113K [0x00000000f5580000, 0x00000000ffe80000, 0x0000000100000000)
  eden space 117760K, 0% used [0x00000000f5580000,0x00000000f5580000,0x00000000fc880000)
  from space 27136K, 15% used [0x00000000fe400000,0x00000000fe804638,0x00000000ffe80000)
  to   space 27648K, 0% used [0x00000000fc880000,0x00000000fc880000,0x00000000fe380000)
 ParOldGen       total 96256K, used 57591K [0x00000000e0000000, 0x00000000e5e00000, 0x00000000f5580000)
  object space 96256K, 59% used [0x00000000e0000000,0x00000000e383dd10,0x00000000e5e00000)
 Metaspace       used 80139K, capacity 86836K, committed 87040K, reserved 1124352K
  class space    used 9881K, capacity 11998K, committed 12032K, reserved 1048576K
}

