# JRE version: Java(TM) SE Runtime Environment (8.0_45-b15) (build 1.8.0_45-b15)
# Java VM: Java HotSpot(TM) 64-Bit Server VM (25.45-b02 mixed mode windows-amd64 compressed oops)
Heap:
 PSYoungGen      total 95744K, used 93861K [0x00000000f5580000, 0x00000000fd400000, 0x0000000100000000)
  eden space 86528K, 99% used [0x00000000f5580000,0x00000000fa957998,0x00000000faa00000)
  from space 9216K, 86% used [0x00000000fcb00000,0x00000000fd2d1d78,0x00000000fd400000)
  to   space 21504K, 0% used [0x00000000faa00000,0x00000000faa00000,0x00000000fbf00000)
 ParOldGen       total 96768K, used 54063K [0x00000000e0000000, 0x00000000e5e80000, 0x00000000f5580000)
  object space 96768K, 55% used [0x00000000e0000000,0x00000000e34cbe38,0x00000000e5e80000)
 Metaspace       used 86892K, capacity 94270K, committed 94464K, reserved 1130496K
  class space    used 10811K, capacity 12964K, committed 13056K, reserved 1048576K
GC Heap History (10 events):
Event: 200.621 GC heap before
{Heap before GC invocations=24 (full 5):
 PSYoungGen      total 113152K, used 34854K [0x00000000f5580000, 0x00000000fdd80000, 0x0000000100000000)
  eden space 89088K, 35% used [0x00000000f5580000,0x00000000f74a42f0,0x00000000fac80000)
  from space 24064K, 12% used [0x00000000fc600000,0x00000000fc8e5868,0x00000000fdd80000)
  to   space 25088K, 0% used [0x00000000fac80000,0x00000000fac80000,0x00000000fc500000)
 ParOldGen       total 96768K, used 52482K [0x00000000e0000000, 0x00000000e5e80000, 0x00000000f5580000)
  object space 96768K, 54% used [0x00000000e0000000,0x00000000e3340a80,0x00000000e5e80000)
 Metaspace       used 80414K, capacity 87196K, committed 87424K, reserved 1124352K
  class space    used 10044K, capacity 12034K, committed 12160K, reserved 1048576K
Event: 200.628 GC heap after
Heap after GC invocations=24 (full 5):
 PSYoungGen      total 95232K, used 5871K [0x00000000f5580000, 0x00000000fdb80000, 0x0000000100000000)
  eden space 89088K, 0% used [0x00000000f5580000,0x00000000f5580000,0x00000000fac80000)
  from space 6144K, 95% used [0x00000000fac80000,0x00000000fb23bc40,0x00000000fb280000)
  to   space 24064K, 0% used [0x00000000fc400000,0x00000000fc400000,0x00000000fdb80000)
 ParOldGen       total 96768K, used 52490K [0x00000000e0000000, 0x00000000e5e80000, 0x00000000f5580000)
  object space 96768K, 54% used [0x00000000e0000000,0x00000000e3342a80,0x00000000e5e80000)
 Metaspace       used 80414K, capacity 87196K, committed 87424K, reserved 1124352K
  class space    used 10044K, capacity 12034K, committed 12160K, reserved 1048576K
}
Event: 200.628 GC heap before
{Heap before GC invocations=25 (full 6):
 PSYoungGen      total 95232K, used 5871K [0x00000000f5580000, 0x00000000fdb80000, 0x0000000100000000)
  eden space 89088K, 0% used [0x00000000f5580000,0x00000000f5580000,0x00000000fac80000)
  from space 6144K, 95% used [0x00000000fac80000,0x00000000fb23bc40,0x00000000fb280000)
  to   space 24064K, 0% used [0x00000000fc400000,0x00000000fc400000,0x00000000fdb80000)
 ParOldGen       total 96768K, used 52490K [0x00000000e0000000, 0x00000000e5e80000, 0x00000000f5580000)
  object space 96768K, 54% used [0x00000000e0000000,0x00000000e3342a80,0x00000000e5e80000)
 Metaspace       used 80414K, capacity 87196K, committed 87424K, reserved 1124352K
  class space    used 10044K, capacity 12034K, committed 12160K, reserved 1048576K
Event: 200.992 GC heap after
Heap after GC invocations=25 (full 6):
 PSYoungGen      total 95232K, used 0K [0x00000000f5580000, 0x00000000fdb80000, 0x0000000100000000)
  eden space 89088K, 0% used [0x00000000f5580000,0x00000000f5580000,0x00000000fac80000)
  from space 6144K, 0% used [0x00000000fac80000,0x00000000fac80000,0x00000000fb280000)
  to   space 24064K, 0% used [0x00000000fc400000,0x00000000fc400000,0x00000000fdb80000)
 ParOldGen       total 96768K, used 53975K [0x00000000e0000000, 0x00000000e5e80000, 0x00000000f5580000)
  object space 96768K, 55% used [0x00000000e0000000,0x00000000e34b5e28,0x00000000e5e80000)
 Metaspace       used 80414K, capacity 87196K, committed 87424K, reserved 1124352K
  class space    used 10044K, capacity 12034K, committed 12160K, reserved 1048576K
}
Event: 277.990 GC heap before
{Heap before GC invocations=26 (full 6):
 PSYoungGen      total 95232K, used 89088K [0x00000000f5580000, 0x00000000fdb80000, 0x0000000100000000)
  eden space 89088K, 100% used [0x00000000f5580000,0x00000000fac80000,0x00000000fac80000)
  from space 6144K, 0% used [0x00000000fac80000,0x00000000fac80000,0x00000000fb280000)
  to   space 24064K, 0% used [0x00000000fc400000,0x00000000fc400000,0x00000000fdb80000)
 ParOldGen       total 96768K, used 53975K [0x00000000e0000000, 0x00000000e5e80000, 0x00000000f5580000)
  object space 96768K, 55% used [0x00000000e0000000,0x00000000e34b5e28,0x00000000e5e80000)
 Metaspace       used 82484K, capacity 89242K, committed 89472K, reserved 1126400K
  class space    used 10282K, capacity 12314K, committed 12416K, reserved 1048576K
Event: 277.996 GC heap after
Heap after GC invocations=26 (full 6):
 PSYoungGen      total 113152K, used 3043K [0x00000000f5580000, 0x00000000fe600000, 0x0000000100000000)
  eden space 89088K, 0% used [0x00000000f5580000,0x00000000f5580000,0x00000000fac80000)
  from space 24064K, 12% used [0x00000000fc400000,0x00000000fc6f8da0,0x00000000fdb80000)
  to   space 24064K, 0% used [0x00000000fac80000,0x00000000fac80000,0x00000000fc400000)
 ParOldGen       total 96768K, used 53983K [0x00000000e0000000, 0x00000000e5e80000, 0x00000000f5580000)
  object space 96768K, 55% used [0x00000000e0000000,0x00000000e34b7e28,0x00000000e5e80000)
 Metaspace       used 82484K, capacity 89242K, committed 89472K, reserved 1126400K
  class space    used 10282K, capacity 12314K, committed 12416K, reserved 1048576K
}
Event: 304.465 GC heap before
{Heap before GC invocations=27 (full 6):
 PSYoungGen      total 113152K, used 92120K [0x00000000f5580000, 0x00000000fe600000, 0x0000000100000000)
  eden space 89088K, 99% used [0x00000000f5580000,0x00000000fac7d510,0x00000000fac80000)
  from space 24064K, 12% used [0x00000000fc400000,0x00000000fc6f8da0,0x00000000fdb80000)
  to   space 24064K, 0% used [0x00000000fac80000,0x00000000fac80000,0x00000000fc400000)
 ParOldGen       total 96768K, used 53983K [0x00000000e0000000, 0x00000000e5e80000, 0x00000000f5580000)
  object space 96768K, 55% used [0x00000000e0000000,0x00000000e34b7e28,0x00000000e5e80000)
 Metaspace       used 84799K, capacity 92118K, committed 92416K, reserved 1128448K
  class space    used 10594K, capacity 12695K, committed 12800K, reserved 1048576K
Event: 304.475 GC heap after
Heap after GC invocations=27 (full 6):
 PSYoungGen      total 113152K, used 7291K [0x00000000f5580000, 0x00000000fe100000, 0x0000000100000000)
  eden space 89088K, 0% used [0x00000000f5580000,0x00000000f5580000,0x00000000fac80000)
  from space 24064K, 30% used [0x00000000fac80000,0x00000000fb39ed28,0x00000000fc400000)
  to   space 22528K, 0% used [0x00000000fcb00000,0x00000000fcb00000,0x00000000fe100000)
 ParOldGen       total 96768K, used 53991K [0x00000000e0000000, 0x00000000e5e80000, 0x00000000f5580000)
  object space 96768K, 55% used [0x00000000e0000000,0x00000000e34b9e28,0x00000000e5e80000)
 Metaspace       used 84799K, capacity 92118K, committed 92416K, reserved 1128448K
  class space    used 10594K, capacity 12695K, committed 12800K, reserved 1048576K
}
Event: 368.691 GC heap before
{Heap before GC invocations=28 (full 6):
 PSYoungGen      total 113152K, used 96379K [0x00000000f5580000, 0x00000000fe100000, 0x0000000100000000)
  eden space 89088K, 100% used [0x00000000f5580000,0x00000000fac80000,0x00000000fac80000)
  from space 24064K, 30% used [0x00000000fac80000,0x00000000fb39ed28,0x00000000fc400000)
  to   space 22528K, 0% used [0x00000000fcb00000,0x00000000fcb00000,0x00000000fe100000)
 ParOldGen       total 96768K, used 53991K [0x00000000e0000000, 0x00000000e5e80000, 0x00000000f5580000)
  object space 96768K, 55% used [0x00000000e0000000,0x00000000e34b9e28,0x00000000e5e80000)
 Metaspace       used 86033K, capacity 93454K, committed 93568K, reserved 1130496K
  class space    used 10740K, capacity 12866K, committed 12928K, reserved 1048576K
Event: 368.702 GC heap after
Heap after GC invocations=28 (full 6):
 PSYoungGen      total 95744K, used 8007K [0x00000000f5580000, 0x00000000fd400000, 0x0000000100000000)
  eden space 86528K, 0% used [0x00000000f5580000,0x00000000f5580000,0x00000000faa00000)
  from space 9216K, 86% used [0x00000000fcb00000,0x00000000fd2d1d78,0x00000000fd400000)
  to   space 21504K, 0% used [0x00000000faa00000,0x00000000faa00000,0x00000000fbf00000)
 ParOldGen       total 96768K, used 54063K [0x00000000e0000000, 0x00000000e5e80000, 0x00000000f5580000)
  object space 96768K, 55% used [0x00000000e0000000,0x00000000e34cbe38,0x00000000e5e80000)
 Metaspace       used 86033K, capacity 93454K, committed 93568K, reserved 1130496K
  class space    used 10740K, capacity 12866K, committed 12928K, reserved 1048576K
}

