# JRE version: Java(TM) SE Runtime Environment (8.0_45-b15) (build 1.8.0_45-b15)
# Java VM: Java HotSpot(TM) 64-Bit Server VM (25.45-b02 mixed mode windows-amd64 compressed oops)
Heap:
 PSYoungGen      total 55808K, used 26722K [0x00000007bc400000, 0x00000007c0000000, 0x00000007c0000000)
  eden space 50176K, 53% used [0x00000007bc400000,0x00000007bde18b50,0x00000007bf500000)
  from space 5632K, 0% used [0x00000007bf500000,0x00000007bf500000,0x00000007bfa80000)
  to   space 5632K, 0% used [0x00000007bfa80000,0x00000007bfa80000,0x00000007c0000000)
 ParOldGen       total 338944K, used 250173K [0x0000000700000000, 0x0000000714b00000, 0x00000007bc400000)
  object space 338944K, 73% used [0x0000000700000000,0x000000070f44f498,0x0000000714b00000)
 Metaspace       used 86417K, capacity 86835K, committed 87512K, reserved 1124352K
  class space    used 12835K, capacity 12931K, committed 13056K, reserved 1048576K
GC Heap History (10 events):
Event: 94181.458 GC heap before
{Heap before GC invocations=1027 (full 71):
 PSYoungGen      total 55808K, used 50176K [0x00000007bc400000, 0x00000007c0000000, 0x00000007c0000000)
  eden space 50176K, 100% used [0x00000007bc400000,0x00000007bf500000,0x00000007bf500000)
  from space 5632K, 0% used [0x00000007bf500000,0x00000007bf500000,0x00000007bfa80000)
  to   space 5632K, 0% used [0x00000007bfa80000,0x00000007bfa80000,0x00000007c0000000)
 ParOldGen       total 338944K, used 249940K [0x0000000700000000, 0x0000000714b00000, 0x00000007bc400000)
  object space 338944K, 73% used [0x0000000700000000,0x000000070f415108,0x0000000714b00000)
 Metaspace       used 86417K, capacity 86835K, committed 87512K, reserved 1124352K
  class space    used 12835K, capacity 12931K, committed 13056K, reserved 1048576K
Event: 94181.471 GC heap after
Heap after GC invocations=1027 (full 71):
 PSYoungGen      total 56320K, used 2976K [0x00000007bc400000, 0x00000007c0000000, 0x00000007c0000000)
  eden space 50688K, 0% used [0x00000007bc400000,0x00000007bc400000,0x00000007bf580000)
  from space 5632K, 52% used [0x00000007bfa80000,0x00000007bfd68000,0x00000007c0000000)
  to   space 5120K, 0% used [0x00000007bf580000,0x00000007bf580000,0x00000007bfa80000)
 ParOldGen       total 338944K, used 249940K [0x0000000700000000, 0x0000000714b00000, 0x00000007bc400000)
  object space 338944K, 73% used [0x0000000700000000,0x000000070f415108,0x0000000714b00000)
 Metaspace       used 86417K, capacity 86835K, committed 87512K, reserved 1124352K
  class space    used 12835K, capacity 12931K, committed 13056K, reserved 1048576K
}
Event: 94616.441 GC heap before
{Heap before GC invocations=1028 (full 71):
 PSYoungGen      total 56320K, used 53664K [0x00000007bc400000, 0x00000007c0000000, 0x00000007c0000000)
  eden space 50688K, 100% used [0x00000007bc400000,0x00000007bf580000,0x00000007bf580000)
  from space 5632K, 52% used [0x00000007bfa80000,0x00000007bfd68000,0x00000007c0000000)
  to   space 5120K, 0% used [0x00000007bf580000,0x00000007bf580000,0x00000007bfa80000)
 ParOldGen       total 338944K, used 249940K [0x0000000700000000, 0x0000000714b00000, 0x00000007bc400000)
  object space 338944K, 73% used [0x0000000700000000,0x000000070f415108,0x0000000714b00000)
 Metaspace       used 86417K, capacity 86835K, committed 87512K, reserved 1124352K
  class space    used 12835K, capacity 12931K, committed 13056K, reserved 1048576K
Event: 94616.460 GC heap after
Heap after GC invocations=1028 (full 71):
 PSYoungGen      total 55808K, used 3798K [0x00000007bc400000, 0x00000007c0000000, 0x00000007c0000000)
  eden space 50688K, 0% used [0x00000007bc400000,0x00000007bc400000,0x00000007bf580000)
  from space 5120K, 74% used [0x00000007bf580000,0x00000007bf935b38,0x00000007bfa80000)
  to   space 5632K, 0% used [0x00000007bfa80000,0x00000007bfa80000,0x00000007c0000000)
 ParOldGen       total 338944K, used 249940K [0x0000000700000000, 0x0000000714b00000, 0x00000007bc400000)
  object space 338944K, 73% used [0x0000000700000000,0x000000070f415108,0x0000000714b00000)
 Metaspace       used 86417K, capacity 86835K, committed 87512K, reserved 1124352K
  class space    used 12835K, capacity 12931K, committed 13056K, reserved 1048576K
}
Event: 95088.265 GC heap before
{Heap before GC invocations=1029 (full 71):
 PSYoungGen      total 55808K, used 54486K [0x00000007bc400000, 0x00000007c0000000, 0x00000007c0000000)
  eden space 50688K, 100% used [0x00000007bc400000,0x00000007bf580000,0x00000007bf580000)
  from space 5120K, 74% used [0x00000007bf580000,0x00000007bf935b38,0x00000007bfa80000)
  to   space 5632K, 0% used [0x00000007bfa80000,0x00000007bfa80000,0x00000007c0000000)
 ParOldGen       total 338944K, used 249940K [0x0000000700000000, 0x0000000714b00000, 0x00000007bc400000)
  object space 338944K, 73% used [0x0000000700000000,0x000000070f415108,0x0000000714b00000)
 Metaspace       used 86417K, capacity 86835K, committed 87512K, reserved 1124352K
  class space    used 12835K, capacity 12931K, committed 13056K, reserved 1048576K
Event: 95088.285 GC heap after
Heap after GC invocations=1029 (full 71):
 PSYoungGen      total 55808K, used 3722K [0x00000007bc400000, 0x00000007c0000000, 0x00000007c0000000)
  eden space 50176K, 0% used [0x00000007bc400000,0x00000007bc400000,0x00000007bf500000)
  from space 5632K, 66% used [0x00000007bfa80000,0x00000007bfe22a08,0x00000007c0000000)
  to   space 5632K, 0% used [0x00000007bf500000,0x00000007bf500000,0x00000007bfa80000)
 ParOldGen       total 338944K, used 249940K [0x0000000700000000, 0x0000000714b00000, 0x00000007bc400000)
  object space 338944K, 73% used [0x0000000700000000,0x000000070f415108,0x0000000714b00000)
 Metaspace       used 86417K, capacity 86835K, committed 87512K, reserved 1124352K
  class space    used 12835K, capacity 12931K, committed 13056K, reserved 1048576K
}
Event: 95526.556 GC heap before
{Heap before GC invocations=1030 (full 71):
 PSYoungGen      total 55808K, used 52390K [0x00000007bc400000, 0x00000007c0000000, 0x00000007c0000000)
  eden space 50176K, 96% used [0x00000007bc400000,0x00000007bf3870a0,0x00000007bf500000)
  from space 5632K, 66% used [0x00000007bfa80000,0x00000007bfe22a08,0x00000007c0000000)
  to   space 5632K, 0% used [0x00000007bf500000,0x00000007bf500000,0x00000007bfa80000)
 ParOldGen       total 338944K, used 249940K [0x0000000700000000, 0x0000000714b00000, 0x00000007bc400000)
  object space 338944K, 73% used [0x0000000700000000,0x000000070f415108,0x0000000714b00000)
 Metaspace       used 86417K, capacity 86835K, committed 87512K, reserved 1124352K
  class space    used 12835K, capacity 12931K, committed 13056K, reserved 1048576K
Event: 95526.569 GC heap after
Heap after GC invocations=1030 (full 71):
 PSYoungGen      total 55808K, used 3496K [0x00000007bc400000, 0x00000007c0000000, 0x00000007c0000000)
  eden space 50176K, 0% used [0x00000007bc400000,0x00000007bc400000,0x00000007bf500000)
  from space 5632K, 62% used [0x00000007bf500000,0x00000007bf86a298,0x00000007bfa80000)
  to   space 5632K, 0% used [0x00000007bfa80000,0x00000007bfa80000,0x00000007c0000000)
 ParOldGen       total 338944K, used 249940K [0x0000000700000000, 0x0000000714b00000, 0x00000007bc400000)
  object space 338944K, 73% used [0x0000000700000000,0x000000070f415108,0x0000000714b00000)
 Metaspace       used 86417K, capacity 86835K, committed 87512K, reserved 1124352K
  class space    used 12835K, capacity 12931K, committed 13056K, reserved 1048576K
}
Event: 95526.569 GC heap before
{Heap before GC invocations=1031 (full 72):
 PSYoungGen      total 55808K, used 3496K [0x00000007bc400000, 0x00000007c0000000, 0x00000007c0000000)
  eden space 50176K, 0% used [0x00000007bc400000,0x00000007bc400000,0x00000007bf500000)
  from space 5632K, 62% used [0x00000007bf500000,0x00000007bf86a298,0x00000007bfa80000)
  to   space 5632K, 0% used [0x00000007bfa80000,0x00000007bfa80000,0x00000007c0000000)
 ParOldGen       total 338944K, used 249940K [0x0000000700000000, 0x0000000714b00000, 0x00000007bc400000)
  object space 338944K, 73% used [0x0000000700000000,0x000000070f415108,0x0000000714b00000)
 Metaspace       used 86417K, capacity 86835K, committed 87512K, reserved 1124352K
  class space    used 12835K, capacity 12931K, committed 13056K, reserved 1048576K
Event: 95527.012 GC heap after
Heap after GC invocations=1031 (full 72):
 PSYoungGen      total 55808K, used 0K [0x00000007bc400000, 0x00000007c0000000, 0x00000007c0000000)
  eden space 50176K, 0% used [0x00000007bc400000,0x00000007bc400000,0x00000007bf500000)
  from space 5632K, 0% used [0x00000007bf500000,0x00000007bf500000,0x00000007bfa80000)
  to   space 5632K, 0% used [0x00000007bfa80000,0x00000007bfa80000,0x00000007c0000000)
 ParOldGen       total 338944K, used 250173K [0x0000000700000000, 0x0000000714b00000, 0x00000007bc400000)
  object space 338944K, 73% used [0x0000000700000000,0x000000070f44f498,0x0000000714b00000)
 Metaspace       used 86417K, capacity 86835K, committed 87512K, reserved 1124352K
  class space    used 12835K, capacity 12931K, committed 13056K, reserved 1048576K
}

