# JRE version: Java(TM) SE Runtime Environment (8.0_45-b15) (build 1.8.0_45-b15)
# Java VM: Java HotSpot(TM) 64-Bit Server VM (25.45-b02 mixed mode windows-amd64 compressed oops)
Heap:
 PSYoungGen      total 136704K, used 38781K [0x00000000f5580000, 0x00000000fe200000, 0x0000000100000000)
  eden space 129024K, 27% used [0x00000000f5580000,0x00000000f784f730,0x00000000fd380000)
  from space 7680K, 40% used [0x00000000fd380000,0x00000000fd690000,0x00000000fdb00000)
  to   space 7168K, 0% used [0x00000000fdb00000,0x00000000fdb00000,0x00000000fe200000)
 ParOldGen       total 108544K, used 80262K [0x00000000e0000000, 0x00000000e6a00000, 0x00000000f5580000)
  object space 108544K, 73% used [0x00000000e0000000,0x00000000e4e61950,0x00000000e6a00000)
 Metaspace       used 88682K, capacity 95818K, committed 96128K, reserved 1132544K
  class space    used 10204K, capacity 12380K, committed 12416K, reserved 1048576K
GC Heap History (10 events):
Event: 490159.802 GC heap before
{Heap before GC invocations=5691 (full 2418):
 PSYoungGen      total 136192K, used 131072K [0x00000000f5580000, 0x00000000fe380000, 0x0000000100000000)
  eden space 128000K, 100% used [0x00000000f5580000,0x00000000fd280000,0x00000000fd280000)
  from space 8192K, 37% used [0x00000000fdb80000,0x00000000fde80000,0x00000000fe380000)
  to   space 8704K, 0% used [0x00000000fd280000,0x00000000fd280000,0x00000000fdb00000)
 ParOldGen       total 108544K, used 80262K [0x00000000e0000000, 0x00000000e6a00000, 0x00000000f5580000)
  object space 108544K, 73% used [0x00000000e0000000,0x00000000e4e61950,0x00000000e6a00000)
 Metaspace       used 88157K, capacity 95198K, committed 95616K, reserved 1132544K
  class space    used 10146K, capacity 12346K, committed 12416K, reserved 1048576K
Event: 490159.857 GC heap after
Heap after GC invocations=5691 (full 2418):
 PSYoungGen      total 136704K, used 3936K [0x00000000f5580000, 0x00000000fe300000, 0x0000000100000000)
  eden space 128000K, 0% used [0x00000000f5580000,0x00000000f5580000,0x00000000fd280000)
  from space 8704K, 45% used [0x00000000fd280000,0x00000000fd658000,0x00000000fdb00000)
  to   space 8192K, 0% used [0x00000000fdb00000,0x00000000fdb00000,0x00000000fe300000)
 ParOldGen       total 108544K, used 80262K [0x00000000e0000000, 0x00000000e6a00000, 0x00000000f5580000)
  object space 108544K, 73% used [0x00000000e0000000,0x00000000e4e61950,0x00000000e6a00000)
 Metaspace       used 88157K, capacity 95198K, committed 95616K, reserved 1132544K
  class space    used 10146K, capacity 12346K, committed 12416K, reserved 1048576K
}
Event: 492174.709 GC heap before
{Heap before GC invocations=5692 (full 2418):
 PSYoungGen      total 136704K, used 131936K [0x00000000f5580000, 0x00000000fe300000, 0x0000000100000000)
  eden space 128000K, 100% used [0x00000000f5580000,0x00000000fd280000,0x00000000fd280000)
  from space 8704K, 45% used [0x00000000fd280000,0x00000000fd658000,0x00000000fdb00000)
  to   space 8192K, 0% used [0x00000000fdb00000,0x00000000fdb00000,0x00000000fe300000)
 ParOldGen       total 108544K, used 80262K [0x00000000e0000000, 0x00000000e6a00000, 0x00000000f5580000)
  object space 108544K, 73% used [0x00000000e0000000,0x00000000e4e61950,0x00000000e6a00000)
 Metaspace       used 88157K, capacity 95198K, committed 95616K, reserved 1132544K
  class space    used 10146K, capacity 12346K, committed 12416K, reserved 1048576K
Event: 492174.800 GC heap after
Heap after GC invocations=5692 (full 2418):
 PSYoungGen      total 136704K, used 3168K [0x00000000f5580000, 0x00000000fe300000, 0x0000000100000000)
  eden space 128512K, 0% used [0x00000000f5580000,0x00000000f5580000,0x00000000fd300000)
  from space 8192K, 38% used [0x00000000fdb00000,0x00000000fde18000,0x00000000fe300000)
  to   space 8192K, 0% used [0x00000000fd300000,0x00000000fd300000,0x00000000fdb00000)
 ParOldGen       total 108544K, used 80262K [0x00000000e0000000, 0x00000000e6a00000, 0x00000000f5580000)
  object space 108544K, 73% used [0x00000000e0000000,0x00000000e4e61950,0x00000000e6a00000)
 Metaspace       used 88157K, capacity 95198K, committed 95616K, reserved 1132544K
  class space    used 10146K, capacity 12346K, committed 12416K, reserved 1048576K
}
Event: 494158.340 GC heap before
{Heap before GC invocations=5693 (full 2418):
 PSYoungGen      total 136704K, used 131669K [0x00000000f5580000, 0x00000000fe300000, 0x0000000100000000)
  eden space 128512K, 99% used [0x00000000f5580000,0x00000000fd2fd710,0x00000000fd300000)
  from space 8192K, 38% used [0x00000000fdb00000,0x00000000fde18000,0x00000000fe300000)
  to   space 8192K, 0% used [0x00000000fd300000,0x00000000fd300000,0x00000000fdb00000)
 ParOldGen       total 108544K, used 80262K [0x00000000e0000000, 0x00000000e6a00000, 0x00000000f5580000)
  object space 108544K, 73% used [0x00000000e0000000,0x00000000e4e61950,0x00000000e6a00000)
 Metaspace       used 88157K, capacity 95198K, committed 95616K, reserved 1132544K
  class space    used 10146K, capacity 12346K, committed 12416K, reserved 1048576K
Event: 494158.347 GC heap after
Heap after GC invocations=5693 (full 2418):
 PSYoungGen      total 136704K, used 3040K [0x00000000f5580000, 0x00000000fe280000, 0x0000000100000000)
  eden space 128512K, 0% used [0x00000000f5580000,0x00000000f5580000,0x00000000fd300000)
  from space 8192K, 37% used [0x00000000fd300000,0x00000000fd5f8000,0x00000000fdb00000)
  to   space 7680K, 0% used [0x00000000fdb00000,0x00000000fdb00000,0x00000000fe280000)
 ParOldGen       total 108544K, used 80262K [0x00000000e0000000, 0x00000000e6a00000, 0x00000000f5580000)
  object space 108544K, 73% used [0x00000000e0000000,0x00000000e4e61950,0x00000000e6a00000)
 Metaspace       used 88157K, capacity 95198K, committed 95616K, reserved 1132544K
  class space    used 10146K, capacity 12346K, committed 12416K, reserved 1048576K
}
Event: 496160.169 GC heap before
{Heap before GC invocations=5694 (full 2418):
 PSYoungGen      total 136704K, used 131552K [0x00000000f5580000, 0x00000000fe280000, 0x0000000100000000)
  eden space 128512K, 100% used [0x00000000f5580000,0x00000000fd300000,0x00000000fd300000)
  from space 8192K, 37% used [0x00000000fd300000,0x00000000fd5f8000,0x00000000fdb00000)
  to   space 7680K, 0% used [0x00000000fdb00000,0x00000000fdb00000,0x00000000fe280000)
 ParOldGen       total 108544K, used 80262K [0x00000000e0000000, 0x00000000e6a00000, 0x00000000f5580000)
  object space 108544K, 73% used [0x00000000e0000000,0x00000000e4e61950,0x00000000e6a00000)
 Metaspace       used 88157K, capacity 95198K, committed 95616K, reserved 1132544K
  class space    used 10146K, capacity 12346K, committed 12416K, reserved 1048576K
Event: 496160.468 GC heap after
Heap after GC invocations=5694 (full 2418):
 PSYoungGen      total 136704K, used 4448K [0x00000000f5580000, 0x00000000fe280000, 0x0000000100000000)
  eden space 129024K, 0% used [0x00000000f5580000,0x00000000f5580000,0x00000000fd380000)
  from space 7680K, 57% used [0x00000000fdb00000,0x00000000fdf58040,0x00000000fe280000)
  to   space 7680K, 0% used [0x00000000fd380000,0x00000000fd380000,0x00000000fdb00000)
 ParOldGen       total 108544K, used 80262K [0x00000000e0000000, 0x00000000e6a00000, 0x00000000f5580000)
  object space 108544K, 73% used [0x00000000e0000000,0x00000000e4e61950,0x00000000e6a00000)
 Metaspace       used 88157K, capacity 95198K, committed 95616K, reserved 1132544K
  class space    used 10146K, capacity 12346K, committed 12416K, reserved 1048576K
}
Event: 498194.816 GC heap before
{Heap before GC invocations=5695 (full 2418):
 PSYoungGen      total 136704K, used 133472K [0x00000000f5580000, 0x00000000fe280000, 0x0000000100000000)
  eden space 129024K, 100% used [0x00000000f5580000,0x00000000fd380000,0x00000000fd380000)
  from space 7680K, 57% used [0x00000000fdb00000,0x00000000fdf58040,0x00000000fe280000)
  to   space 7680K, 0% used [0x00000000fd380000,0x00000000fd380000,0x00000000fdb00000)
 ParOldGen       total 108544K, used 80262K [0x00000000e0000000, 0x00000000e6a00000, 0x00000000f5580000)
  object space 108544K, 73% used [0x00000000e0000000,0x00000000e4e61950,0x00000000e6a00000)
 Metaspace       used 88162K, capacity 95198K, committed 95616K, reserved 1132544K
  class space    used 10147K, capacity 12346K, committed 12416K, reserved 1048576K
Event: 498195.423 GC heap after
Heap after GC invocations=5695 (full 2418):
 PSYoungGen      total 136704K, used 3136K [0x00000000f5580000, 0x00000000fe200000, 0x0000000100000000)
  eden space 129024K, 0% used [0x00000000f5580000,0x00000000f5580000,0x00000000fd380000)
  from space 7680K, 40% used [0x00000000fd380000,0x00000000fd690000,0x00000000fdb00000)
  to   space 7168K, 0% used [0x00000000fdb00000,0x00000000fdb00000,0x00000000fe200000)
 ParOldGen       total 108544K, used 80262K [0x00000000e0000000, 0x00000000e6a00000, 0x00000000f5580000)
  object space 108544K, 73% used [0x00000000e0000000,0x00000000e4e61950,0x00000000e6a00000)
 Metaspace       used 88162K, capacity 95198K, committed 95616K, reserved 1132544K
  class space    used 10147K, capacity 12346K, committed 12416K, reserved 1048576K
}

