# JRE version: Java(TM) SE Runtime Environment (8.0_45-b15) (build 1.8.0_45-b15)
# Java VM: Java HotSpot(TM) 64-Bit Server VM (25.45-b02 mixed mode windows-amd64 compressed oops)
Heap:
 PSYoungGen      total 86528K, used 37244K [0x00000000f5580000, 0x00000000fb300000, 0x0000000100000000)
  eden space 79360K, 40% used [0x00000000f5580000,0x00000000f74db160,0x00000000fa300000)
  from space 7168K, 71% used [0x00000000fac00000,0x00000000fb104108,0x00000000fb300000)
  to   space 8192K, 0% used [0x00000000fa300000,0x00000000fa300000,0x00000000fab00000)
 ParOldGen       total 104960K, used 70403K [0x00000000e0000000, 0x00000000e6680000, 0x00000000f5580000)
  object space 104960K, 67% used [0x00000000e0000000,0x00000000e44c0c98,0x00000000e6680000)
 Metaspace       used 90735K, capacity 97950K, committed 98176K, reserved 1134592K
  class space    used 10402K, capacity 12550K, committed 12672K, reserved 1048576K
GC Heap History (10 events):
Event: 92597.309 GC heap before
{Heap before GC invocations=2761 (full 1285):
 PSYoungGen      total 83968K, used 80858K [0x00000000f5580000, 0x00000000fb100000, 0x0000000100000000)
  eden space 75776K, 100% used [0x00000000f5580000,0x00000000f9f80000,0x00000000f9f80000)
  from space 8192K, 62% used [0x00000000f9f80000,0x00000000fa4769d8,0x00000000fa780000)
  to   space 8192K, 0% used [0x00000000fa900000,0x00000000fa900000,0x00000000fb100000)
 ParOldGen       total 104960K, used 70163K [0x00000000e0000000, 0x00000000e6680000, 0x00000000f5580000)
  object space 104960K, 66% used [0x00000000e0000000,0x00000000e4484c98,0x00000000e6680000)
 Metaspace       used 89962K, capacity 97272K, committed 97536K, reserved 1134592K
  class space    used 10322K, capacity 12478K, committed 12544K, reserved 1048576K
Event: 92597.316 GC heap after
Heap after GC invocations=2761 (full 1285):
 PSYoungGen      total 84480K, used 5382K [0x00000000f5580000, 0x00000000fb080000, 0x0000000100000000)
  eden space 76800K, 0% used [0x00000000f5580000,0x00000000f5580000,0x00000000fa080000)
  from space 7680K, 70% used [0x00000000fa900000,0x00000000fae41ba8,0x00000000fb080000)
  to   space 8192K, 0% used [0x00000000fa080000,0x00000000fa080000,0x00000000fa880000)
 ParOldGen       total 104960K, used 70187K [0x00000000e0000000, 0x00000000e6680000, 0x00000000f5580000)
  object space 104960K, 66% used [0x00000000e0000000,0x00000000e448ac98,0x00000000e6680000)
 Metaspace       used 89962K, capacity 97272K, committed 97536K, reserved 1134592K
  class space    used 10322K, capacity 12478K, committed 12544K, reserved 1048576K
}
Event: 92631.349 GC heap before
{Heap before GC invocations=2762 (full 1285):
 PSYoungGen      total 84480K, used 82182K [0x00000000f5580000, 0x00000000fb080000, 0x0000000100000000)
  eden space 76800K, 100% used [0x00000000f5580000,0x00000000fa080000,0x00000000fa080000)
  from space 7680K, 70% used [0x00000000fa900000,0x00000000fae41ba8,0x00000000fb080000)
  to   space 8192K, 0% used [0x00000000fa080000,0x00000000fa080000,0x00000000fa880000)
 ParOldGen       total 104960K, used 70187K [0x00000000e0000000, 0x00000000e6680000, 0x00000000f5580000)
  object space 104960K, 66% used [0x00000000e0000000,0x00000000e448ac98,0x00000000e6680000)
 Metaspace       used 89992K, capacity 97336K, committed 97536K, reserved 1134592K
  class space    used 10322K, capacity 12478K, committed 12544K, reserved 1048576K
Event: 92631.356 GC heap after
Heap after GC invocations=2762 (full 1285):
 PSYoungGen      total 84992K, used 2926K [0x00000000f5580000, 0x00000000fb180000, 0x0000000100000000)
  eden space 76800K, 0% used [0x00000000f5580000,0x00000000f5580000,0x00000000fa080000)
  from space 8192K, 35% used [0x00000000fa080000,0x00000000fa35ba00,0x00000000fa880000)
  to   space 8192K, 0% used [0x00000000fa980000,0x00000000fa980000,0x00000000fb180000)
 ParOldGen       total 104960K, used 70235K [0x00000000e0000000, 0x00000000e6680000, 0x00000000f5580000)
  object space 104960K, 66% used [0x00000000e0000000,0x00000000e4496c98,0x00000000e6680000)
 Metaspace       used 89992K, capacity 97336K, committed 97536K, reserved 1134592K
  class space    used 10322K, capacity 12478K, committed 12544K, reserved 1048576K
}
Event: 92645.529 GC heap before
{Heap before GC invocations=2763 (full 1285):
 PSYoungGen      total 84992K, used 79726K [0x00000000f5580000, 0x00000000fb180000, 0x0000000100000000)
  eden space 76800K, 100% used [0x00000000f5580000,0x00000000fa080000,0x00000000fa080000)
  from space 8192K, 35% used [0x00000000fa080000,0x00000000fa35ba00,0x00000000fa880000)
  to   space 8192K, 0% used [0x00000000fa980000,0x00000000fa980000,0x00000000fb180000)
 ParOldGen       total 104960K, used 70235K [0x00000000e0000000, 0x00000000e6680000, 0x00000000f5580000)
  object space 104960K, 66% used [0x00000000e0000000,0x00000000e4496c98,0x00000000e6680000)
 Metaspace       used 90126K, capacity 97528K, committed 97792K, reserved 1134592K
  class space    used 10339K, capacity 12517K, committed 12544K, reserved 1048576K
Event: 92645.536 GC heap after
Heap after GC invocations=2763 (full 1285):
 PSYoungGen      total 86016K, used 3637K [0x00000000f5580000, 0x00000000fb180000, 0x0000000100000000)
  eden space 77824K, 0% used [0x00000000f5580000,0x00000000f5580000,0x00000000fa180000)
  from space 8192K, 44% used [0x00000000fa980000,0x00000000fad0d7c8,0x00000000fb180000)
  to   space 8192K, 0% used [0x00000000fa180000,0x00000000fa180000,0x00000000fa980000)
 ParOldGen       total 104960K, used 70267K [0x00000000e0000000, 0x00000000e6680000, 0x00000000f5580000)
  object space 104960K, 66% used [0x00000000e0000000,0x00000000e449ec98,0x00000000e6680000)
 Metaspace       used 90126K, capacity 97528K, committed 97792K, reserved 1134592K
  class space    used 10339K, capacity 12517K, committed 12544K, reserved 1048576K
}
Event: 92648.836 GC heap before
{Heap before GC invocations=2764 (full 1285):
 PSYoungGen      total 86016K, used 81461K [0x00000000f5580000, 0x00000000fb180000, 0x0000000100000000)
  eden space 77824K, 100% used [0x00000000f5580000,0x00000000fa180000,0x00000000fa180000)
  from space 8192K, 44% used [0x00000000fa980000,0x00000000fad0d7c8,0x00000000fb180000)
  to   space 8192K, 0% used [0x00000000fa180000,0x00000000fa180000,0x00000000fa980000)
 ParOldGen       total 104960K, used 70267K [0x00000000e0000000, 0x00000000e6680000, 0x00000000f5580000)
  object space 104960K, 66% used [0x00000000e0000000,0x00000000e449ec98,0x00000000e6680000)
 Metaspace       used 90127K, capacity 97528K, committed 97792K, reserved 1134592K
  class space    used 10339K, capacity 12517K, committed 12544K, reserved 1048576K
Event: 92648.875 GC heap after
Heap after GC invocations=2764 (full 1285):
 PSYoungGen      total 86016K, used 6896K [0x00000000f5580000, 0x00000000fb480000, 0x0000000100000000)
  eden space 77824K, 0% used [0x00000000f5580000,0x00000000f5580000,0x00000000fa180000)
  from space 8192K, 84% used [0x00000000fa180000,0x00000000fa83c2f8,0x00000000fa980000)
  to   space 8704K, 0% used [0x00000000fac00000,0x00000000fac00000,0x00000000fb480000)
 ParOldGen       total 104960K, used 70339K [0x00000000e0000000, 0x00000000e6680000, 0x00000000f5580000)
  object space 104960K, 67% used [0x00000000e0000000,0x00000000e44b0c98,0x00000000e6680000)
 Metaspace       used 90127K, capacity 97528K, committed 97792K, reserved 1134592K
  class space    used 10339K, capacity 12517K, committed 12544K, reserved 1048576K
}
Event: 92658.039 GC heap before
{Heap before GC invocations=2765 (full 1285):
 PSYoungGen      total 86016K, used 84720K [0x00000000f5580000, 0x00000000fb480000, 0x0000000100000000)
  eden space 77824K, 100% used [0x00000000f5580000,0x00000000fa180000,0x00000000fa180000)
  from space 8192K, 84% used [0x00000000fa180000,0x00000000fa83c2f8,0x00000000fa980000)
  to   space 8704K, 0% used [0x00000000fac00000,0x00000000fac00000,0x00000000fb480000)
 ParOldGen       total 104960K, used 70339K [0x00000000e0000000, 0x00000000e6680000, 0x00000000f5580000)
  object space 104960K, 67% used [0x00000000e0000000,0x00000000e44b0c98,0x00000000e6680000)
 Metaspace       used 90211K, capacity 97560K, committed 97920K, reserved 1134592K
  class space    used 10346K, capacity 12549K, committed 12672K, reserved 1048576K
Event: 92658.046 GC heap after
Heap after GC invocations=2765 (full 1285):
 PSYoungGen      total 86528K, used 5136K [0x00000000f5580000, 0x00000000fb300000, 0x0000000100000000)
  eden space 79360K, 0% used [0x00000000f5580000,0x00000000f5580000,0x00000000fa300000)
  from space 7168K, 71% used [0x00000000fac00000,0x00000000fb104108,0x00000000fb300000)
  to   space 8192K, 0% used [0x00000000fa300000,0x00000000fa300000,0x00000000fab00000)
 ParOldGen       total 104960K, used 70403K [0x00000000e0000000, 0x00000000e6680000, 0x00000000f5580000)
  object space 104960K, 67% used [0x00000000e0000000,0x00000000e44c0c98,0x00000000e6680000)
 Metaspace       used 90211K, capacity 97560K, committed 97920K, reserved 1134592K
  class space    used 10346K, capacity 12549K, committed 12672K, reserved 1048576K
}

