# JRE version: Java(TM) SE Runtime Environment (8.0_45-b15) (build 1.8.0_45-b15)
# Java VM: Java HotSpot(TM) 64-Bit Server VM (25.45-b02 mixed mode windows-amd64 compressed oops)
Heap:
 PSYoungGen      total 123904K, used 95218K [0x00000000f5580000, 0x00000000fed80000, 0x0000000100000000)
  eden space 94208K, 78% used [0x00000000f5580000,0x00000000f9dcbc40,0x00000000fb180000)
  from space 29696K, 71% used [0x00000000fd080000,0x00000000fe530e18,0x00000000fed80000)
  to   space 30720K, 0% used [0x00000000fb180000,0x00000000fb180000,0x00000000fcf80000)
 ParOldGen       total 110592K, used 45862K [0x00000000e0000000, 0x00000000e6c00000, 0x00000000f5580000)
  object space 110592K, 41% used [0x00000000e0000000,0x00000000e2cc99e0,0x00000000e6c00000)
 Metaspace       used 80442K, capacity 87274K, committed 87424K, reserved 1124352K
  class space    used 9957K, capacity 12141K, committed 12160K, reserved 1048576K
GC Heap History (10 events):
Event: 6.612 GC heap before
{Heap before GC invocations=13 (full 3):
 PSYoungGen      total 80896K, used 63488K [0x00000000f5580000, 0x00000000fce80000, 0x0000000100000000)
  eden space 63488K, 100% used [0x00000000f5580000,0x00000000f9380000,0x00000000f9380000)
  from space 17408K, 0% used [0x00000000f9380000,0x00000000f9380000,0x00000000fa480000)
  to   space 22016K, 0% used [0x00000000fb900000,0x00000000fb900000,0x00000000fce80000)
 ParOldGen       total 110592K, used 43440K [0x00000000e0000000, 0x00000000e6c00000, 0x00000000f5580000)
  object space 110592K, 39% used [0x00000000e0000000,0x00000000e2a6c280,0x00000000e6c00000)
 Metaspace       used 59657K, capacity 64548K, committed 64640K, reserved 1105920K
  class space    used 7400K, capacity 8805K, committed 8832K, reserved 1048576K
Event: 6.624 GC heap after
Heap after GC invocations=13 (full 3):
 PSYoungGen      total 93696K, used 12683K [0x00000000f5580000, 0x00000000fca00000, 0x0000000100000000)
  eden space 76288K, 0% used [0x00000000f5580000,0x00000000f5580000,0x00000000fa000000)
  from space 17408K, 72% used [0x00000000fb900000,0x00000000fc562e40,0x00000000fca00000)
  to   space 21504K, 0% used [0x00000000fa000000,0x00000000fa000000,0x00000000fb500000)
 ParOldGen       total 110592K, used 43448K [0x00000000e0000000, 0x00000000e6c00000, 0x00000000f5580000)
  object space 110592K, 39% used [0x00000000e0000000,0x00000000e2a6e280,0x00000000e6c00000)
 Metaspace       used 59657K, capacity 64548K, committed 64640K, reserved 1105920K
  class space    used 7400K, capacity 8805K, committed 8832K, reserved 1048576K
}
Event: 17.759 GC heap before
{Heap before GC invocations=14 (full 3):
 PSYoungGen      total 93696K, used 88971K [0x00000000f5580000, 0x00000000fca00000, 0x0000000100000000)
  eden space 76288K, 100% used [0x00000000f5580000,0x00000000fa000000,0x00000000fa000000)
  from space 17408K, 72% used [0x00000000fb900000,0x00000000fc562e40,0x00000000fca00000)
  to   space 21504K, 0% used [0x00000000fa000000,0x00000000fa000000,0x00000000fb500000)
 ParOldGen       total 110592K, used 43448K [0x00000000e0000000, 0x00000000e6c00000, 0x00000000f5580000)
  object space 110592K, 39% used [0x00000000e0000000,0x00000000e2a6e280,0x00000000e6c00000)
 Metaspace       used 70249K, capacity 76090K, committed 76160K, reserved 1114112K
  class space    used 8769K, capacity 10564K, committed 10624K, reserved 1048576K
Event: 17.780 GC heap after
Heap after GC invocations=14 (full 3):
 PSYoungGen      total 97792K, used 21494K [0x00000000f5580000, 0x00000000fde80000, 0x0000000100000000)
  eden space 76288K, 0% used [0x00000000f5580000,0x00000000f5580000,0x00000000fa000000)
  from space 21504K, 99% used [0x00000000fa000000,0x00000000fb4fdbc0,0x00000000fb500000)
  to   space 25600K, 0% used [0x00000000fc580000,0x00000000fc580000,0x00000000fde80000)
 ParOldGen       total 110592K, used 45838K [0x00000000e0000000, 0x00000000e6c00000, 0x00000000f5580000)
  object space 110592K, 41% used [0x00000000e0000000,0x00000000e2cc39e0,0x00000000e6c00000)
 Metaspace       used 70249K, capacity 76090K, committed 76160K, reserved 1114112K
  class space    used 8769K, capacity 10564K, committed 10624K, reserved 1048576K
}
Event: 28.959 GC heap before
{Heap before GC invocations=15 (full 3):
 PSYoungGen      total 97792K, used 97782K [0x00000000f5580000, 0x00000000fde80000, 0x0000000100000000)
  eden space 76288K, 100% used [0x00000000f5580000,0x00000000fa000000,0x00000000fa000000)
  from space 21504K, 99% used [0x00000000fa000000,0x00000000fb4fdbc0,0x00000000fb500000)
  to   space 25600K, 0% used [0x00000000fc580000,0x00000000fc580000,0x00000000fde80000)
 ParOldGen       total 110592K, used 45838K [0x00000000e0000000, 0x00000000e6c00000, 0x00000000f5580000)
  object space 110592K, 41% used [0x00000000e0000000,0x00000000e2cc39e0,0x00000000e6c00000)
 Metaspace       used 74117K, capacity 80296K, committed 80384K, reserved 1118208K
  class space    used 9229K, capacity 11212K, committed 11264K, reserved 1048576K
Event: 28.983 GC heap after
Heap after GC invocations=15 (full 3):
 PSYoungGen      total 112128K, used 21826K [0x00000000f5580000, 0x00000000fe000000, 0x0000000100000000)
  eden space 86528K, 0% used [0x00000000f5580000,0x00000000f5580000,0x00000000faa00000)
  from space 25600K, 85% used [0x00000000fc580000,0x00000000fdad0ba8,0x00000000fde80000)
  to   space 27648K, 0% used [0x00000000faa00000,0x00000000faa00000,0x00000000fc500000)
 ParOldGen       total 110592K, used 45846K [0x00000000e0000000, 0x00000000e6c00000, 0x00000000f5580000)
  object space 110592K, 41% used [0x00000000e0000000,0x00000000e2cc59e0,0x00000000e6c00000)
 Metaspace       used 74117K, capacity 80296K, committed 80384K, reserved 1118208K
  class space    used 9229K, capacity 11212K, committed 11264K, reserved 1048576K
}
Event: 71.992 GC heap before
{Heap before GC invocations=16 (full 3):
 PSYoungGen      total 112128K, used 108354K [0x00000000f5580000, 0x00000000fe000000, 0x0000000100000000)
  eden space 86528K, 100% used [0x00000000f5580000,0x00000000faa00000,0x00000000faa00000)
  from space 25600K, 85% used [0x00000000fc580000,0x00000000fdad0ba8,0x00000000fde80000)
  to   space 27648K, 0% used [0x00000000faa00000,0x00000000faa00000,0x00000000fc500000)
 ParOldGen       total 110592K, used 45846K [0x00000000e0000000, 0x00000000e6c00000, 0x00000000f5580000)
  object space 110592K, 41% used [0x00000000e0000000,0x00000000e2cc59e0,0x00000000e6c00000)
 Metaspace       used 77162K, capacity 83894K, committed 84096K, reserved 1122304K
  class space    used 9613K, capacity 11636K, committed 11648K, reserved 1048576K
Event: 72.013 GC heap after
Heap after GC invocations=16 (full 3):
 PSYoungGen      total 114176K, used 21640K [0x00000000f5580000, 0x00000000fed80000, 0x0000000100000000)
  eden space 86528K, 0% used [0x00000000f5580000,0x00000000f5580000,0x00000000faa00000)
  from space 27648K, 78% used [0x00000000faa00000,0x00000000fbf22120,0x00000000fc500000)
  to   space 29696K, 0% used [0x00000000fd080000,0x00000000fd080000,0x00000000fed80000)
 ParOldGen       total 110592K, used 45854K [0x00000000e0000000, 0x00000000e6c00000, 0x00000000f5580000)
  object space 110592K, 41% used [0x00000000e0000000,0x00000000e2cc79e0,0x00000000e6c00000)
 Metaspace       used 77162K, capacity 83894K, committed 84096K, reserved 1122304K
  class space    used 9613K, capacity 11636K, committed 11648K, reserved 1048576K
}
Event: 109.721 GC heap before
{Heap before GC invocations=17 (full 3):
 PSYoungGen      total 114176K, used 108168K [0x00000000f5580000, 0x00000000fed80000, 0x0000000100000000)
  eden space 86528K, 100% used [0x00000000f5580000,0x00000000faa00000,0x00000000faa00000)
  from space 27648K, 78% used [0x00000000faa00000,0x00000000fbf22120,0x00000000fc500000)
  to   space 29696K, 0% used [0x00000000fd080000,0x00000000fd080000,0x00000000fed80000)
 ParOldGen       total 110592K, used 45854K [0x00000000e0000000, 0x00000000e6c00000, 0x00000000f5580000)
  object space 110592K, 41% used [0x00000000e0000000,0x00000000e2cc79e0,0x00000000e6c00000)
 Metaspace       used 78522K, capacity 85216K, committed 85376K, reserved 1122304K
  class space    used 9771K, capacity 11903K, committed 11904K, reserved 1048576K
Event: 109.741 GC heap after
Heap after GC invocations=17 (full 3):
 PSYoungGen      total 123904K, used 21187K [0x00000000f5580000, 0x00000000fed80000, 0x0000000100000000)
  eden space 94208K, 0% used [0x00000000f5580000,0x00000000f5580000,0x00000000fb180000)
  from space 29696K, 71% used [0x00000000fd080000,0x00000000fe530e18,0x00000000fed80000)
  to   space 30720K, 0% used [0x00000000fb180000,0x00000000fb180000,0x00000000fcf80000)
 ParOldGen       total 110592K, used 45862K [0x00000000e0000000, 0x00000000e6c00000, 0x00000000f5580000)
  object space 110592K, 41% used [0x00000000e0000000,0x00000000e2cc99e0,0x00000000e6c00000)
 Metaspace       used 78522K, capacity 85216K, committed 85376K, reserved 1122304K
  class space    used 9771K, capacity 11903K, committed 11904K, reserved 1048576K
}

