# JRE version: Java(TM) SE Runtime Environment (8.0_45-b15) (build 1.8.0_45-b15)
# Java VM: Java HotSpot(TM) 64-Bit Server VM (25.45-b02 mixed mode windows-amd64 compressed oops)
Heap:
 PSYoungGen      total 88064K, used 37978K [0x00000000f5580000, 0x00000000fcd00000, 0x0000000100000000)
  eden space 73216K, 39% used [0x00000000f5580000,0x00000000f71d9848,0x00000000f9d00000)
  from space 14848K, 60% used [0x00000000fbe80000,0x00000000fc73d270,0x00000000fcd00000)
  to   space 24576K, 0% used [0x00000000f9d00000,0x00000000f9d00000,0x00000000fb500000)
 ParOldGen       total 91648K, used 52411K [0x00000000e0000000, 0x00000000e5980000, 0x00000000f5580000)
  object space 91648K, 57% used [0x00000000e0000000,0x00000000e332eea8,0x00000000e5980000)
 Metaspace       used 80948K, capacity 87416K, committed 87552K, reserved 1124352K
  class space    used 9974K, capacity 11956K, committed 12032K, reserved 1048576K
GC Heap History (10 events):
Event: 91.546 GC heap before
{Heap before GC invocations=18 (full 3):
 PSYoungGen      total 95232K, used 92220K [0x00000000f5580000, 0x00000000fce80000, 0x0000000100000000)
  eden space 73728K, 95% used [0x00000000f5580000,0x00000000f9a8f3f0,0x00000000f9d80000)
  from space 21504K, 99% used [0x00000000fb580000,0x00000000fca7fd90,0x00000000fca80000)
  to   space 24576K, 0% used [0x00000000f9d80000,0x00000000f9d80000,0x00000000fb580000)
 ParOldGen       total 91648K, used 36979K [0x00000000e0000000, 0x00000000e5980000, 0x00000000f5580000)
  object space 91648K, 40% used [0x00000000e0000000,0x00000000e241cc90,0x00000000e5980000)
 Metaspace       used 73510K, capacity 79476K, committed 79744K, reserved 1118208K
  class space    used 9134K, capacity 10860K, committed 10880K, reserved 1048576K
Event: 91.570 GC heap after
Heap after GC invocations=18 (full 3):
 PSYoungGen      total 98304K, used 19108K [0x00000000f5580000, 0x00000000fd180000, 0x0000000100000000)
  eden space 73728K, 0% used [0x00000000f5580000,0x00000000f5580000,0x00000000f9d80000)
  from space 24576K, 77% used [0x00000000f9d80000,0x00000000fb029300,0x00000000fb580000)
  to   space 26112K, 0% used [0x00000000fb800000,0x00000000fb800000,0x00000000fd180000)
 ParOldGen       total 91648K, used 36987K [0x00000000e0000000, 0x00000000e5980000, 0x00000000f5580000)
  object space 91648K, 40% used [0x00000000e0000000,0x00000000e241ec90,0x00000000e5980000)
 Metaspace       used 73510K, capacity 79476K, committed 79744K, reserved 1118208K
  class space    used 9134K, capacity 10860K, committed 10880K, reserved 1048576K
}
Event: 91.570 GC heap before
{Heap before GC invocations=19 (full 4):
 PSYoungGen      total 98304K, used 19108K [0x00000000f5580000, 0x00000000fd180000, 0x0000000100000000)
  eden space 73728K, 0% used [0x00000000f5580000,0x00000000f5580000,0x00000000f9d80000)
  from space 24576K, 77% used [0x00000000f9d80000,0x00000000fb029300,0x00000000fb580000)
  to   space 26112K, 0% used [0x00000000fb800000,0x00000000fb800000,0x00000000fd180000)
 ParOldGen       total 91648K, used 36987K [0x00000000e0000000, 0x00000000e5980000, 0x00000000f5580000)
  object space 91648K, 40% used [0x00000000e0000000,0x00000000e241ec90,0x00000000e5980000)
 Metaspace       used 73510K, capacity 79476K, committed 79744K, reserved 1118208K
  class space    used 9134K, capacity 10860K, committed 10880K, reserved 1048576K
Event: 91.918 GC heap after
Heap after GC invocations=19 (full 4):
 PSYoungGen      total 98304K, used 0K [0x00000000f5580000, 0x00000000fd180000, 0x0000000100000000)
  eden space 73728K, 0% used [0x00000000f5580000,0x00000000f5580000,0x00000000f9d80000)
  from space 24576K, 0% used [0x00000000f9d80000,0x00000000f9d80000,0x00000000fb580000)
  to   space 26112K, 0% used [0x00000000fb800000,0x00000000fb800000,0x00000000fd180000)
 ParOldGen       total 91648K, used 52387K [0x00000000e0000000, 0x00000000e5980000, 0x00000000f5580000)
  object space 91648K, 57% used [0x00000000e0000000,0x00000000e3328ea8,0x00000000e5980000)
 Metaspace       used 73510K, capacity 79476K, committed 79744K, reserved 1118208K
  class space    used 9134K, capacity 10860K, committed 10880K, reserved 1048576K
}
Event: 155.435 GC heap before
{Heap before GC invocations=20 (full 4):
 PSYoungGen      total 98304K, used 73728K [0x00000000f5580000, 0x00000000fd180000, 0x0000000100000000)
  eden space 73728K, 100% used [0x00000000f5580000,0x00000000f9d80000,0x00000000f9d80000)
  from space 24576K, 0% used [0x00000000f9d80000,0x00000000f9d80000,0x00000000fb580000)
  to   space 26112K, 0% used [0x00000000fb800000,0x00000000fb800000,0x00000000fd180000)
 ParOldGen       total 91648K, used 52387K [0x00000000e0000000, 0x00000000e5980000, 0x00000000f5580000)
  object space 91648K, 57% used [0x00000000e0000000,0x00000000e3328ea8,0x00000000e5980000)
 Metaspace       used 77702K, capacity 84188K, committed 84352K, reserved 1122304K
  class space    used 9669K, capacity 11547K, committed 11648K, reserved 1048576K
Event: 155.447 GC heap after
Heap after GC invocations=20 (full 4):
 PSYoungGen      total 101376K, used 6968K [0x00000000f5580000, 0x00000000fd800000, 0x0000000100000000)
  eden space 75264K, 0% used [0x00000000f5580000,0x00000000f5580000,0x00000000f9f00000)
  from space 26112K, 26% used [0x00000000fb800000,0x00000000fbece320,0x00000000fd180000)
  to   space 25600K, 0% used [0x00000000f9f00000,0x00000000f9f00000,0x00000000fb800000)
 ParOldGen       total 91648K, used 52395K [0x00000000e0000000, 0x00000000e5980000, 0x00000000f5580000)
  object space 91648K, 57% used [0x00000000e0000000,0x00000000e332aea8,0x00000000e5980000)
 Metaspace       used 77702K, capacity 84188K, committed 84352K, reserved 1122304K
  class space    used 9669K, capacity 11547K, committed 11648K, reserved 1048576K
}
Event: 232.427 GC heap before
{Heap before GC invocations=21 (full 4):
 PSYoungGen      total 101376K, used 82232K [0x00000000f5580000, 0x00000000fd800000, 0x0000000100000000)
  eden space 75264K, 100% used [0x00000000f5580000,0x00000000f9f00000,0x00000000f9f00000)
  from space 26112K, 26% used [0x00000000fb800000,0x00000000fbece320,0x00000000fd180000)
  to   space 25600K, 0% used [0x00000000f9f00000,0x00000000f9f00000,0x00000000fb800000)
 ParOldGen       total 91648K, used 52395K [0x00000000e0000000, 0x00000000e5980000, 0x00000000f5580000)
  object space 91648K, 57% used [0x00000000e0000000,0x00000000e332aea8,0x00000000e5980000)
 Metaspace       used 78227K, capacity 84576K, committed 84864K, reserved 1122304K
  class space    used 9685K, capacity 11547K, committed 11648K, reserved 1048576K
Event: 232.433 GC heap after
Heap after GC invocations=21 (full 4):
 PSYoungGen      total 100864K, used 6134K [0x00000000f5580000, 0x00000000fd700000, 0x0000000100000000)
  eden space 75264K, 0% used [0x00000000f5580000,0x00000000f5580000,0x00000000f9f00000)
  from space 25600K, 23% used [0x00000000f9f00000,0x00000000fa4fd8b0,0x00000000fb800000)
  to   space 25088K, 0% used [0x00000000fbe80000,0x00000000fbe80000,0x00000000fd700000)
 ParOldGen       total 91648K, used 52403K [0x00000000e0000000, 0x00000000e5980000, 0x00000000f5580000)
  object space 91648K, 57% used [0x00000000e0000000,0x00000000e332cea8,0x00000000e5980000)
 Metaspace       used 78227K, capacity 84576K, committed 84864K, reserved 1122304K
  class space    used 9685K, capacity 11547K, committed 11648K, reserved 1048576K
}
Event: 366.266 GC heap before
{Heap before GC invocations=22 (full 4):
 PSYoungGen      total 100864K, used 81398K [0x00000000f5580000, 0x00000000fd700000, 0x0000000100000000)
  eden space 75264K, 100% used [0x00000000f5580000,0x00000000f9f00000,0x00000000f9f00000)
  from space 25600K, 23% used [0x00000000f9f00000,0x00000000fa4fd8b0,0x00000000fb800000)
  to   space 25088K, 0% used [0x00000000fbe80000,0x00000000fbe80000,0x00000000fd700000)
 ParOldGen       total 91648K, used 52403K [0x00000000e0000000, 0x00000000e5980000, 0x00000000f5580000)
  object space 91648K, 57% used [0x00000000e0000000,0x00000000e332cea8,0x00000000e5980000)
 Metaspace       used 80025K, capacity 86530K, committed 86912K, reserved 1124352K
  class space    used 9875K, capacity 11793K, committed 11904K, reserved 1048576K
Event: 366.279 GC heap after
Heap after GC invocations=22 (full 4):
 PSYoungGen      total 88064K, used 8948K [0x00000000f5580000, 0x00000000fcd00000, 0x0000000100000000)
  eden space 73216K, 0% used [0x00000000f5580000,0x00000000f5580000,0x00000000f9d00000)
  from space 14848K, 60% used [0x00000000fbe80000,0x00000000fc73d270,0x00000000fcd00000)
  to   space 24576K, 0% used [0x00000000f9d00000,0x00000000f9d00000,0x00000000fb500000)
 ParOldGen       total 91648K, used 52411K [0x00000000e0000000, 0x00000000e5980000, 0x00000000f5580000)
  object space 91648K, 57% used [0x00000000e0000000,0x00000000e332eea8,0x00000000e5980000)
 Metaspace       used 80025K, capacity 86530K, committed 86912K, reserved 1124352K
  class space    used 9875K, capacity 11793K, committed 11904K, reserved 1048576K
}

